  main.cpp
c:\users\velmisov\downloads\opengl\graphics\lab14\main.cpp(263): warning C4244: '*=': conversion from 'double' to 'T', possible loss of data
          with
          [
              T=float
          ]
c:\users\velmisov\downloads\opengl\graphics\lab14\main.cpp(264): warning C4244: '*=': conversion from 'double' to 'T', possible loss of data
          with
          [
              T=float
          ]
c:\users\velmisov\downloads\opengl\graphics\lab14\main.cpp(265): warning C4244: '*=': conversion from 'double' to 'T', possible loss of data
          with
          [
              T=float
          ]
c:\users\velmisov\downloads\opengl\graphics\lab14\main.cpp(417): warning C4244: '=': conversion from 'double' to 'float', possible loss of data
c:\users\velmisov\downloads\opengl\graphics\lab14\main.cpp(419): warning C4244: '=': conversion from 'double' to 'float', possible loss of data
c:\users\velmisov\downloads\opengl\graphics\lab14\main.cpp(526): warning C4267: 'argument': conversion from 'size_t' to 'GLsizei', possible loss of data
  SOIL.lib(SOIL.obj) : MSIL .netmodule or module compiled with /GL found; restarting link with /LTCG; add /LTCG to the link command line to improve linker performance
LINK : warning LNK4075: ignoring '/INCREMENTAL' due to '/LTCG' specification
LINK : warning LNK4098: defaultlib 'MSVCRT' conflicts with use of other libs; use /NODEFAULTLIB:library
  Generating code
  Finished generating code
SOIL.lib(SOIL.obj) : warning LNK4099: PDB 'vc110.pdb' was not found with 'SOIL.lib(SOIL.obj)' or at 'C:\Users\velmisov\Downloads\OpenGl\Graphics\x64\Debug\vc110.pdb'; linking object as if no debug info
SOIL.lib(stb_image_aug.obj) : warning LNK4099: PDB 'vc110.pdb' was not found with 'SOIL.lib(stb_image_aug.obj)' or at 'C:\Users\velmisov\Downloads\OpenGl\Graphics\x64\Debug\vc110.pdb'; linking object as if no debug info
SOIL.lib(image_helper.obj) : warning LNK4099: PDB 'vc110.pdb' was not found with 'SOIL.lib(image_helper.obj)' or at 'C:\Users\velmisov\Downloads\OpenGl\Graphics\x64\Debug\vc110.pdb'; linking object as if no debug info
SOIL.lib(image_DXT.obj) : warning LNK4099: PDB 'vc110.pdb' was not found with 'SOIL.lib(image_DXT.obj)' or at 'C:\Users\velmisov\Downloads\OpenGl\Graphics\x64\Debug\vc110.pdb'; linking object as if no debug info
  lab14.vcxproj -> C:\Users\velmisov\Downloads\OpenGl\Graphics\x64\Debug\lab14.exe
