  main.cpp
c:\users\velmisov\downloads\opengl\graphics\indiv3\main.cpp(189): warning C4244: '*=': conversion from 'double' to 'T', possible loss of data
          with
          [
              T=float
          ]
c:\users\velmisov\downloads\opengl\graphics\indiv3\main.cpp(190): warning C4244: '*=': conversion from 'double' to 'T', possible loss of data
          with
          [
              T=float
          ]
c:\users\velmisov\downloads\opengl\graphics\indiv3\main.cpp(191): warning C4244: '*=': conversion from 'double' to 'T', possible loss of data
          with
          [
              T=float
          ]
c:\users\velmisov\downloads\opengl\graphics\indiv3\main.cpp(392): warning C4244: '=': conversion from 'double' to 'float', possible loss of data
c:\users\velmisov\downloads\opengl\graphics\indiv3\main.cpp(394): warning C4244: '=': conversion from 'double' to 'float', possible loss of data
c:\users\velmisov\downloads\opengl\graphics\indiv3\main.cpp(527): warning C4267: 'argument': conversion from 'size_t' to 'GLsizei', possible loss of data
c:\users\velmisov\downloads\opengl\graphics\indiv3\main.cpp(541): warning C4267: 'argument': conversion from 'size_t' to 'GLsizei', possible loss of data
  SOIL.lib(SOIL.obj) : MSIL .netmodule or module compiled with /GL found; restarting link with /LTCG; add /LTCG to the link command line to improve linker performance
LINK : warning LNK4075: ignoring '/INCREMENTAL' due to '/LTCG' specification
LINK : warning LNK4098: defaultlib 'MSVCRT' conflicts with use of other libs; use /NODEFAULTLIB:library
  Generating code
  Finished generating code
SOIL.lib(SOIL.obj) : warning LNK4099: PDB 'vc110.pdb' was not found with 'SOIL.lib(SOIL.obj)' or at 'C:\Users\velmisov\Downloads\OpenGl\Graphics\x64\Debug\vc110.pdb'; linking object as if no debug info
SOIL.lib(stb_image_aug.obj) : warning LNK4099: PDB 'vc110.pdb' was not found with 'SOIL.lib(stb_image_aug.obj)' or at 'C:\Users\velmisov\Downloads\OpenGl\Graphics\x64\Debug\vc110.pdb'; linking object as if no debug info
SOIL.lib(image_helper.obj) : warning LNK4099: PDB 'vc110.pdb' was not found with 'SOIL.lib(image_helper.obj)' or at 'C:\Users\velmisov\Downloads\OpenGl\Graphics\x64\Debug\vc110.pdb'; linking object as if no debug info
SOIL.lib(image_DXT.obj) : warning LNK4099: PDB 'vc110.pdb' was not found with 'SOIL.lib(image_DXT.obj)' or at 'C:\Users\velmisov\Downloads\OpenGl\Graphics\x64\Debug\vc110.pdb'; linking object as if no debug info
  indiv3.vcxproj -> C:\Users\velmisov\Downloads\OpenGl\Graphics\x64\Debug\indiv3.exe
